# JRE version: Java(TM) SE Runtime Environment (8.0_251-b08) (build 1.8.0_251-b08)
# Java VM: Java HotSpot(TM) 64-Bit Server VM (25.251-b08 mixed mode windows-amd64 compressed oops)
Heap:
 PSYoungGen      total 137728K, used 14318K [0x00000000d6f00000, 0x00000000dfe00000, 0x0000000100000000)
  eden space 137216K, 10% used [0x00000000d6f00000,0x00000000d7ce3808,0x00000000df500000)
  from space 512K, 18% used [0x00000000dfd80000,0x00000000dfd98000,0x00000000dfe00000)
  to   space 512K, 0% used [0x00000000dfd00000,0x00000000dfd00000,0x00000000dfd80000)
 ParOldGen       total 129536K, used 84770K [0x0000000084c00000, 0x000000008ca80000, 0x00000000d6f00000)
  object space 129536K, 65% used [0x0000000084c00000,0x0000000089ec88c8,0x000000008ca80000)
 Metaspace       used 62198K, capacity 65828K, committed 65920K, reserved 1105920K
  class space    used 8668K, capacity 9256K, committed 9344K, reserved 1048576K
GC Heap History (10 events):
Event: 19495.515 GC heap before
{Heap before GC invocations=36181 (full 3):
 PSYoungGen      total 103424K, used 103008K [0x00000000d6f00000, 0x00000000df500000, 0x0000000100000000)
  eden space 102912K, 100% used [0x00000000d6f00000,0x00000000dd380000,0x00000000dd380000)
  from space 512K, 18% used [0x00000000df400000,0x00000000df418000,0x00000000df480000)
  to   space 512K, 0% used [0x00000000df480000,0x00000000df480000,0x00000000df500000)
 ParOldGen       total 129536K, used 84754K [0x0000000084c00000, 0x000000008ca80000, 0x00000000d6f00000)
  object space 129536K, 65% used [0x0000000084c00000,0x0000000089ec48c8,0x000000008ca80000)
 Metaspace       used 62198K, capacity 65828K, committed 65920K, reserved 1105920K
  class space    used 8668K, capacity 9256K, committed 9344K, reserved 1048576K
Event: 19495.562 GC heap after
Heap after GC invocations=36181 (full 3):
 PSYoungGen      total 113664K, used 64K [0x00000000d6f00000, 0x00000000df500000, 0x0000000100000000)
  eden space 113152K, 0% used [0x00000000d6f00000,0x00000000d6f00000,0x00000000ddd80000)
  from space 512K, 12% used [0x00000000df480000,0x00000000df490000,0x00000000df500000)
  to   space 512K, 0% used [0x00000000df400000,0x00000000df400000,0x00000000df480000)
 ParOldGen       total 129536K, used 84754K [0x0000000084c00000, 0x000000008ca80000, 0x00000000d6f00000)
  object space 129536K, 65% used [0x0000000084c00000,0x0000000089ec48c8,0x000000008ca80000)
 Metaspace       used 62198K, capacity 65828K, committed 65920K, reserved 1105920K
  class space    used 8668K, capacity 9256K, committed 9344K, reserved 1048576K
}
Event: 19496.314 GC heap before
{Heap before GC invocations=36182 (full 3):
 PSYoungGen      total 113664K, used 113216K [0x00000000d6f00000, 0x00000000df500000, 0x0000000100000000)
  eden space 113152K, 100% used [0x00000000d6f00000,0x00000000ddd80000,0x00000000ddd80000)
  from space 512K, 12% used [0x00000000df480000,0x00000000df490000,0x00000000df500000)
  to   space 512K, 0% used [0x00000000df400000,0x00000000df400000,0x00000000df480000)
 ParOldGen       total 129536K, used 84754K [0x0000000084c00000, 0x000000008ca80000, 0x00000000d6f00000)
  object space 129536K, 65% used [0x0000000084c00000,0x0000000089ec48c8,0x000000008ca80000)
 Metaspace       used 62198K, capacity 65828K, committed 65920K, reserved 1105920K
  class space    used 8668K, capacity 9256K, committed 9344K, reserved 1048576K
Event: 19496.327 GC heap after
Heap after GC invocations=36182 (full 3):
 PSYoungGen      total 124416K, used 96K [0x00000000d6f00000, 0x00000000df500000, 0x0000000100000000)
  eden space 123904K, 0% used [0x00000000d6f00000,0x00000000d6f00000,0x00000000de800000)
  from space 512K, 18% used [0x00000000df400000,0x00000000df418000,0x00000000df480000)
  to   space 512K, 0% used [0x00000000df480000,0x00000000df480000,0x00000000df500000)
 ParOldGen       total 129536K, used 84754K [0x0000000084c00000, 0x000000008ca80000, 0x00000000d6f00000)
  object space 129536K, 65% used [0x0000000084c00000,0x0000000089ec48c8,0x000000008ca80000)
 Metaspace       used 62198K, capacity 65828K, committed 65920K, reserved 1105920K
  class space    used 8668K, capacity 9256K, committed 9344K, reserved 1048576K
}
Event: 19497.077 GC heap before
{Heap before GC invocations=36183 (full 3):
 PSYoungGen      total 124416K, used 124000K [0x00000000d6f00000, 0x00000000df500000, 0x0000000100000000)
  eden space 123904K, 100% used [0x00000000d6f00000,0x00000000de800000,0x00000000de800000)
  from space 512K, 18% used [0x00000000df400000,0x00000000df418000,0x00000000df480000)
  to   space 512K, 0% used [0x00000000df480000,0x00000000df480000,0x00000000df500000)
 ParOldGen       total 129536K, used 84754K [0x0000000084c00000, 0x000000008ca80000, 0x00000000d6f00000)
  object space 129536K, 65% used [0x0000000084c00000,0x0000000089ec48c8,0x000000008ca80000)
 Metaspace       used 62198K, capacity 65828K, committed 65920K, reserved 1105920K
  class space    used 8668K, capacity 9256K, committed 9344K, reserved 1048576K
Event: 19497.080 GC heap after
Heap after GC invocations=36183 (full 3):
 PSYoungGen      total 134656K, used 96K [0x00000000d6f00000, 0x00000000df500000, 0x0000000100000000)
  eden space 134144K, 0% used [0x00000000d6f00000,0x00000000d6f00000,0x00000000df200000)
  from space 512K, 18% used [0x00000000df480000,0x00000000df498000,0x00000000df500000)
  to   space 512K, 0% used [0x00000000df400000,0x00000000df400000,0x00000000df480000)
 ParOldGen       total 129536K, used 84754K [0x0000000084c00000, 0x000000008ca80000, 0x00000000d6f00000)
  object space 129536K, 65% used [0x0000000084c00000,0x0000000089ec48c8,0x000000008ca80000)
 Metaspace       used 62198K, capacity 65828K, committed 65920K, reserved 1105920K
  class space    used 8668K, capacity 9256K, committed 9344K, reserved 1048576K
}
Event: 19499.274 GC heap before
{Heap before GC invocations=36184 (full 3):
 PSYoungGen      total 134656K, used 134240K [0x00000000d6f00000, 0x00000000df500000, 0x0000000100000000)
  eden space 134144K, 100% used [0x00000000d6f00000,0x00000000df200000,0x00000000df200000)
  from space 512K, 18% used [0x00000000df480000,0x00000000df498000,0x00000000df500000)
  to   space 512K, 0% used [0x00000000df400000,0x00000000df400000,0x00000000df480000)
 ParOldGen       total 129536K, used 84754K [0x0000000084c00000, 0x000000008ca80000, 0x00000000d6f00000)
  object space 129536K, 65% used [0x0000000084c00000,0x0000000089ec48c8,0x000000008ca80000)
 Metaspace       used 62198K, capacity 65828K, committed 65920K, reserved 1105920K
  class space    used 8668K, capacity 9256K, committed 9344K, reserved 1048576K
Event: 19499.309 GC heap after
Heap after GC invocations=36184 (full 3):
 PSYoungGen      total 136704K, used 128K [0x00000000d6f00000, 0x00000000dfe00000, 0x0000000100000000)
  eden space 136192K, 0% used [0x00000000d6f00000,0x00000000d6f00000,0x00000000df400000)
  from space 512K, 25% used [0x00000000df400000,0x00000000df420000,0x00000000df480000)
  to   space 512K, 0% used [0x00000000dfd80000,0x00000000dfd80000,0x00000000dfe00000)
 ParOldGen       total 129536K, used 84770K [0x0000000084c00000, 0x000000008ca80000, 0x00000000d6f00000)
  object space 129536K, 65% used [0x0000000084c00000,0x0000000089ec88c8,0x000000008ca80000)
 Metaspace       used 62198K, capacity 65828K, committed 65920K, reserved 1105920K
  class space    used 8668K, capacity 9256K, committed 9344K, reserved 1048576K
}
Event: 19500.283 GC heap before
{Heap before GC invocations=36185 (full 3):
 PSYoungGen      total 136704K, used 136320K [0x00000000d6f00000, 0x00000000dfe00000, 0x0000000100000000)
  eden space 136192K, 100% used [0x00000000d6f00000,0x00000000df400000,0x00000000df400000)
  from space 512K, 25% used [0x00000000df400000,0x00000000df420000,0x00000000df480000)
  to   space 512K, 0% used [0x00000000dfd80000,0x00000000dfd80000,0x00000000dfe00000)
 ParOldGen       total 129536K, used 84770K [0x0000000084c00000, 0x000000008ca80000, 0x00000000d6f00000)
  object space 129536K, 65% used [0x0000000084c00000,0x0000000089ec88c8,0x000000008ca80000)
 Metaspace       used 62198K, capacity 65828K, committed 65920K, reserved 1105920K
  class space    used 8668K, capacity 9256K, committed 9344K, reserved 1048576K
Event: 19500.286 GC heap after
Heap after GC invocations=36185 (full 3):
 PSYoungGen      total 145920K, used 64K [0x00000000d6f00000, 0x00000000dff00000, 0x0000000100000000)
  eden space 145408K, 0% used [0x00000000d6f00000,0x00000000d6f00000,0x00000000dfd00000)
  from space 512K, 12% used [0x00000000dfd80000,0x00000000dfd90000,0x00000000dfe00000)
  to   space 512K, 0% used [0x00000000dfd00000,0x00000000dfd00000,0x00000000dfd80000)
 ParOldGen       total 129536K, used 84770K [0x0000000084c00000, 0x000000008ca80000, 0x00000000d6f00000)
  object space 129536K, 65% used [0x0000000084c00000,0x0000000089ec88c8,0x000000008ca80000)
 Metaspace       used 62198K, capacity 65828K, committed 65920K, reserved 1105920K
  class space    used 8668K, capacity 9256K, committed 9344K, reserved 1048576K
}

